android/app/build/intermediates/manifest_merge_blame_file/debug/manifest-merger-blame-debug-report.txt
1<?xml version="1.0" encoding="utf-8"?>
2<manifest xmlns:android="http://schemas.android.com/apk/res/android"
3    package="com.thebestapps.gallery"
4    android:versionCode="1"
5    android:versionName="1.0" >
6
7    <uses-sdk
8        android:minSdkVersion="22"
8-->src\main\AndroidManifest.xml
9        android:targetSdkVersion="32" />
9-->src\main\AndroidManifest.xml
10
11    <uses-permission android:name="android.permission.INTERNET" />
11-->src\main\AndroidManifest.xml:29:5-67
11-->src\main\AndroidManifest.xml:29:22-64
12    <uses-permission android:name="android.permission.READ_EXTERNAL_STORAGE" />
12-->src\main\AndroidManifest.xml:30:5-80
12-->src\main\AndroidManifest.xml:30:22-77
13    <uses-permission android:name="android.permission.WRITE_EXTERNAL_STORAGE" />
13-->src\main\AndroidManifest.xml:31:5-81
13-->src\main\AndroidManifest.xml:31:22-78
14
15    <queries>
15-->[:capacitor-camera] AndroidManifest.xml:9:5-13:15
16        <intent>
16-->[:capacitor-camera] AndroidManifest.xml:10:9-12:18
17            <action android:name="android.media.action.IMAGE_CAPTURE" />
17-->[:capacitor-camera] AndroidManifest.xml:11:13-73
17-->[:capacitor-camera] AndroidManifest.xml:11:21-70
18        </intent>
19    </queries>
20
21    <uses-permission android:name="android.permission.VIBRATE" />
21-->[:capacitor-haptics] AndroidManifest.xml:9:5-66
21-->[:capacitor-haptics] AndroidManifest.xml:9:22-63
22    <uses-permission android:name="android.permission.USE_CREDENTIALS" />
22-->[:codetrix-studio-capacitor-google-auth] AndroidManifest.xml:9:5-74
22-->[:codetrix-studio-capacitor-google-auth] AndroidManifest.xml:9:22-71
23    <uses-permission android:name="android.permission.RECORD_AUDIO" />
23-->[:capacitor-voice-recorder] AndroidManifest.xml:9:5-71
23-->[:capacitor-voice-recorder] AndroidManifest.xml:9:22-68
24
25    <application
25-->src\main\AndroidManifest.xml:4:5-28:19
26        android:allowBackup="true"
26-->src\main\AndroidManifest.xml:4:18-44
27        android:appComponentFactory="androidx.core.app.CoreComponentFactory"
27-->[androidx.core:core:1.8.0] AndroidManifest.xml:24:18-86
28        android:debuggable="true"
29        android:icon="@mipmap/ic_launcher"
29-->src\main\AndroidManifest.xml:4:45-79
30        android:label="@string/app_name"
30-->src\main\AndroidManifest.xml:5:9-41
31        android:roundIcon="@mipmap/ic_launcher_round"
31-->src\main\AndroidManifest.xml:5:42-87
32        android:supportsRtl="true"
32-->src\main\AndroidManifest.xml:6:9-35
33        android:theme="@style/AppTheme"
33-->src\main\AndroidManifest.xml:6:36-67
34        android:usesCleartextTraffic="true" >
34-->src\main\AndroidManifest.xml:7:9-44
35        <activity
35-->src\main\AndroidManifest.xml:8:9-17:20
36            android:name="com.thebestapps.gallery.MainActivity"
36-->src\main\AndroidManifest.xml:11:45-96
37            android:configChanges="orientation|keyboardHidden|keyboard|screenSize|locale|smallestScreenSize|screenLayout|uiMode"
37-->src\main\AndroidManifest.xml:9:13-129
38            android:exported="true"
38-->src\main\AndroidManifest.xml:10:13-36
39            android:label="@string/title_activity_main"
39-->src\main\AndroidManifest.xml:10:37-80
40            android:launchMode="singleTask"
40-->src\main\AndroidManifest.xml:11:13-44
41            android:theme="@style/AppTheme.NoActionBarLaunch" >
41-->src\main\AndroidManifest.xml:12:13-62
42            <intent-filter>
42-->src\main\AndroidManifest.xml:13:13-16:29
43                <action android:name="android.intent.action.MAIN" />
43-->src\main\AndroidManifest.xml:14:17-69
43-->src\main\AndroidManifest.xml:14:25-66
44
45                <category android:name="android.intent.category.LAUNCHER" />
45-->src\main\AndroidManifest.xml:15:17-77
45-->src\main\AndroidManifest.xml:15:27-74
46            </intent-filter>
47        </activity>
48
49        <provider
50            android:name="androidx.core.content.FileProvider"
50-->src\main\AndroidManifest.xml:19:48-97
51            android:authorities="com.thebestapps.gallery.fileprovider"
51-->src\main\AndroidManifest.xml:18:19-70
52            android:exported="false"
52-->src\main\AndroidManifest.xml:18:71-95
53            android:grantUriPermissions="true" >
53-->src\main\AndroidManifest.xml:19:13-47
54            <meta-data
54-->src\main\AndroidManifest.xml:20:13-21:54
55                android:name="android.support.FILE_PROVIDER_PATHS"
55-->src\main\AndroidManifest.xml:20:24-74
56                android:resource="@xml/file_paths" />
56-->src\main\AndroidManifest.xml:21:17-51
57        </provider>
58
59        <meta-data
59-->src\main\AndroidManifest.xml:24:9-25:55
60            android:name="com.facebook.sdk.ApplicationId"
60-->src\main\AndroidManifest.xml:24:20-65
61            android:value="@string/facebook_app_id" />
61-->src\main\AndroidManifest.xml:25:13-52
62        <meta-data
62-->src\main\AndroidManifest.xml:26:9-27:61
63            android:name="com.facebook.sdk.ClientToken"
63-->src\main\AndroidManifest.xml:26:20-63
64            android:value="@string/facebook_client_token" />
64-->src\main\AndroidManifest.xml:27:13-58
65
66        <activity
66-->[com.google.android.gms:play-services-auth:18.1.0] AndroidManifest.xml:23:9-27:75
67            android:name="com.google.android.gms.auth.api.signin.internal.SignInHubActivity"
67-->[com.google.android.gms:play-services-auth:18.1.0] AndroidManifest.xml:24:13-93
68            android:excludeFromRecents="true"
68-->[com.google.android.gms:play-services-auth:18.1.0] AndroidManifest.xml:25:13-46
69            android:exported="false"
69-->[com.google.android.gms:play-services-auth:18.1.0] AndroidManifest.xml:26:13-37
70            android:theme="@android:style/Theme.Translucent.NoTitleBar" />
70-->[com.google.android.gms:play-services-auth:18.1.0] AndroidManifest.xml:27:13-72
71        <!--
72            Service handling Google Sign-In user revocation. For apps that do not integrate with
73            Google Sign-In, this service will never be started.
74        -->
75        <service
75-->[com.google.android.gms:play-services-auth:18.1.0] AndroidManifest.xml:33:9-37:51
76            android:name="com.google.android.gms.auth.api.signin.RevocationBoundService"
76-->[com.google.android.gms:play-services-auth:18.1.0] AndroidManifest.xml:34:13-89
77            android:exported="true"
77-->[com.google.android.gms:play-services-auth:18.1.0] AndroidManifest.xml:35:13-36
78            android:permission="com.google.android.gms.auth.api.signin.permission.REVOCATION_NOTIFICATION"
78-->[com.google.android.gms:play-services-auth:18.1.0] AndroidManifest.xml:36:13-107
79            android:visibleToInstantApps="true" />
79-->[com.google.android.gms:play-services-auth:18.1.0] AndroidManifest.xml:37:13-48
80
81        <activity
81-->[com.google.android.gms:play-services-base:17.1.0] AndroidManifest.xml:23:9-26:75
82            android:name="com.google.android.gms.common.api.GoogleApiActivity"
82-->[com.google.android.gms:play-services-base:17.1.0] AndroidManifest.xml:24:13-79
83            android:exported="false"
83-->[com.google.android.gms:play-services-base:17.1.0] AndroidManifest.xml:25:13-37
84            android:theme="@android:style/Theme.Translucent.NoTitleBar" />
84-->[com.google.android.gms:play-services-base:17.1.0] AndroidManifest.xml:26:13-72
85
86        <meta-data
86-->[com.google.android.gms:play-services-basement:17.1.1] AndroidManifest.xml:23:9-25:69
87            android:name="com.google.android.gms.version"
87-->[com.google.android.gms:play-services-basement:17.1.1] AndroidManifest.xml:24:13-58
88            android:value="@integer/google_play_services_version" />
88-->[com.google.android.gms:play-services-basement:17.1.1] AndroidManifest.xml:25:13-66
89
90        <provider
90-->[androidx.emoji2:emoji2:1.0.0] AndroidManifest.xml:26:9-34:20
91            android:name="androidx.startup.InitializationProvider"
91-->[androidx.emoji2:emoji2:1.0.0] AndroidManifest.xml:27:13-67
92            android:authorities="com.thebestapps.gallery.androidx-startup"
92-->[androidx.emoji2:emoji2:1.0.0] AndroidManifest.xml:28:13-68
93            android:exported="false" >
93-->[androidx.emoji2:emoji2:1.0.0] AndroidManifest.xml:29:13-37
94            <meta-data
94-->[androidx.emoji2:emoji2:1.0.0] AndroidManifest.xml:31:13-33:52
95                android:name="androidx.emoji2.text.EmojiCompatInitializer"
95-->[androidx.emoji2:emoji2:1.0.0] AndroidManifest.xml:32:17-75
96                android:value="androidx.startup" />
96-->[androidx.emoji2:emoji2:1.0.0] AndroidManifest.xml:33:17-49
97            <meta-data
97-->[androidx.lifecycle:lifecycle-process:2.4.0] AndroidManifest.xml:31:13-33:52
98                android:name="androidx.lifecycle.ProcessLifecycleInitializer"
98-->[androidx.lifecycle:lifecycle-process:2.4.0] AndroidManifest.xml:32:17-78
99                android:value="androidx.startup" />
99-->[androidx.lifecycle:lifecycle-process:2.4.0] AndroidManifest.xml:33:17-49
100        </provider>
101    </application>
102
103</manifest>